# JRE version: OpenJDK Runtime Environment (8.0_202) (build 1.8.0_202-release-1483-b49-5587405)
# Java VM: OpenJDK 64-Bit Server VM (25.202-b49-5587405 mixed mode linux-amd64 compressed oops)
Heap:
 PSYoungGen      total 403968K, used 0K [0x00000000e0000000, 0x0000000100000000, 0x0000000100000000)
  eden space 294400K, 0% used [0x00000000e0000000,0x00000000e0000000,0x00000000f1f80000)
  from space 109568K, 0% used [0x00000000f8e00000,0x00000000f8e00000,0x00000000ff900000)
  to   space 113152K, 0% used [0x00000000f1f80000,0x00000000f1f80000,0x00000000f8e00000)
 ParOldGen       total 284672K, used 223331K [0x00000000a0000000, 0x00000000b1600000, 0x00000000e0000000)
  object space 284672K, 78% used [0x00000000a0000000,0x00000000ada18fe0,0x00000000b1600000)
 Metaspace       used 150011K, capacity 162116K, committed 168344K, reserved 1196032K
  class space    used 18747K, capacity 20853K, committed 22184K, reserved 1048576K
GC Heap History (10 events):
Event: 8361.864 GC heap after
Heap after GC invocations=76 (full 5):
 PSYoungGen      total 403968K, used 28162K [0x00000000e0000000, 0x00000000ffd80000, 0x0000000100000000)
  eden space 288768K, 0% used [0x00000000e0000000,0x00000000e0000000,0x00000000f1a00000)
  from space 115200K, 24% used [0x00000000f1a00000,0x00000000f35809a8,0x00000000f8a80000)
  to   space 113152K, 0% used [0x00000000f8f00000,0x00000000f8f00000,0x00000000ffd80000)
 ParOldGen       total 278016K, used 203557K [0x00000000a0000000, 0x00000000b0f80000, 0x00000000e0000000)
  object space 278016K, 73% used [0x00000000a0000000,0x00000000ac6c9588,0x00000000b0f80000)
 Metaspace       used 154188K, capacity 167794K, committed 168344K, reserved 1196032K
  class space    used 19409K, capacity 21738K, committed 22184K, reserved 1048576K
}
Event: 8362.424 GC heap before
{Heap before GC invocations=77 (full 5):
 PSYoungGen      total 403968K, used 316930K [0x00000000e0000000, 0x00000000ffd80000, 0x0000000100000000)
  eden space 288768K, 100% used [0x00000000e0000000,0x00000000f1a00000,0x00000000f1a00000)
  from space 115200K, 24% used [0x00000000f1a00000,0x00000000f35809a8,0x00000000f8a80000)
  to   space 113152K, 0% used [0x00000000f8f00000,0x00000000f8f00000,0x00000000ffd80000)
 ParOldGen       total 278016K, used 203557K [0x00000000a0000000, 0x00000000b0f80000, 0x00000000e0000000)
  object space 278016K, 73% used [0x00000000a0000000,0x00000000ac6c9588,0x00000000b0f80000)
 Metaspace       used 154211K, capacity 167798K, committed 168344K, reserved 1196032K
  class space    used 19410K, capacity 21738K, committed 22184K, reserved 1048576K
Event: 8362.468 GC heap after
Heap after GC invocations=77 (full 5):
 PSYoungGen      total 408576K, used 15525K [0x00000000e0000000, 0x00000000ffe00000, 0x0000000100000000)
  eden space 295424K, 0% used [0x00000000e0000000,0x00000000e0000000,0x00000000f2080000)
  from space 113152K, 13% used [0x00000000f8f00000,0x00000000f9e29430,0x00000000ffd80000)
  to   space 113152K, 0% used [0x00000000f2080000,0x00000000f2080000,0x00000000f8f00000)
 ParOldGen       total 278016K, used 215719K [0x00000000a0000000, 0x00000000b0f80000, 0x00000000e0000000)
  object space 278016K, 77% used [0x00000000a0000000,0x00000000ad2a9de0,0x00000000b0f80000)
 Metaspace       used 154211K, capacity 167798K, committed 168344K, reserved 1196032K
  class space    used 19410K, capacity 21738K, committed 22184K, reserved 1048576K
}
Event: 8363.238 GC heap before
{Heap before GC invocations=78 (full 5):
 PSYoungGen      total 408576K, used 310949K [0x00000000e0000000, 0x00000000ffe00000, 0x0000000100000000)
  eden space 295424K, 100% used [0x00000000e0000000,0x00000000f2080000,0x00000000f2080000)
  from space 113152K, 13% used [0x00000000f8f00000,0x00000000f9e29430,0x00000000ffd80000)
  to   space 113152K, 0% used [0x00000000f2080000,0x00000000f2080000,0x00000000f8f00000)
 ParOldGen       total 278016K, used 215719K [0x00000000a0000000, 0x00000000b0f80000, 0x00000000e0000000)
  object space 278016K, 77% used [0x00000000a0000000,0x00000000ad2a9de0,0x00000000b0f80000)
 Metaspace       used 154278K, capacity 167870K, committed 168344K, reserved 1196032K
  class space    used 19410K, capacity 21738K, committed 22184K, reserved 1048576K
Event: 8363.292 GC heap after
Heap after GC invocations=78 (full 5):
 PSYoungGen      total 323584K, used 27941K [0x00000000e0000000, 0x00000000ff900000, 0x0000000100000000)
  eden space 295424K, 0% used [0x00000000e0000000,0x00000000e0000000,0x00000000f2080000)
  from space 28160K, 99% used [0x00000000f2080000,0x00000000f3bc9568,0x00000000f3c00000)
  to   space 109568K, 0% used [0x00000000f8e00000,0x00000000f8e00000,0x00000000ff900000)
 ParOldGen       total 278016K, used 220636K [0x00000000a0000000, 0x00000000b0f80000, 0x00000000e0000000)
  object space 278016K, 79% used [0x00000000a0000000,0x00000000ad777250,0x00000000b0f80000)
 Metaspace       used 154278K, capacity 167870K, committed 168344K, reserved 1196032K
  class space    used 19410K, capacity 21738K, committed 22184K, reserved 1048576K
}
Event: 8363.966 GC heap before
{Heap before GC invocations=79 (full 5):
 PSYoungGen      total 323584K, used 323365K [0x00000000e0000000, 0x00000000ff900000, 0x0000000100000000)
  eden space 295424K, 100% used [0x00000000e0000000,0x00000000f2080000,0x00000000f2080000)
  from space 28160K, 99% used [0x00000000f2080000,0x00000000f3bc9568,0x00000000f3c00000)
  to   space 109568K, 0% used [0x00000000f8e00000,0x00000000f8e00000,0x00000000ff900000)
 ParOldGen       total 278016K, used 220636K [0x00000000a0000000, 0x00000000b0f80000, 0x00000000e0000000)
  object space 278016K, 79% used [0x00000000a0000000,0x00000000ad777250,0x00000000b0f80000)
 Metaspace       used 154313K, capacity 167876K, committed 168344K, reserved 1196032K
  class space    used 19411K, capacity 21739K, committed 22184K, reserved 1048576K
Event: 8364.047 GC heap after
Heap after GC invocations=79 (full 5):
 PSYoungGen      total 403968K, used 71281K [0x00000000e0000000, 0x0000000100000000, 0x0000000100000000)
  eden space 294400K, 0% used [0x00000000e0000000,0x00000000e0000000,0x00000000f1f80000)
  from space 109568K, 65% used [0x00000000f8e00000,0x00000000fd39c728,0x00000000ff900000)
  to   space 113152K, 0% used [0x00000000f1f80000,0x00000000f1f80000,0x00000000f8e00000)
 ParOldGen       total 278016K, used 222368K [0x00000000a0000000, 0x00000000b0f80000, 0x00000000e0000000)
  object space 278016K, 79% used [0x00000000a0000000,0x00000000ad9282a0,0x00000000b0f80000)
 Metaspace       used 154313K, capacity 167876K, committed 168344K, reserved 1196032K
  class space    used 19411K, capacity 21739K, committed 22184K, reserved 1048576K
}
Event: 8364.660 GC heap before
{Heap before GC invocations=80 (full 5):
 PSYoungGen      total 403968K, used 365681K [0x00000000e0000000, 0x0000000100000000, 0x0000000100000000)
  eden space 294400K, 100% used [0x00000000e0000000,0x00000000f1f80000,0x00000000f1f80000)
  from space 109568K, 65% used [0x00000000f8e00000,0x00000000fd39c728,0x00000000ff900000)
  to   space 113152K, 0% used [0x00000000f1f80000,0x00000000f1f80000,0x00000000f8e00000)
 ParOldGen       total 278016K, used 222368K [0x00000000a0000000, 0x00000000b0f80000, 0x00000000e0000000)
  object space 278016K, 79% used [0x00000000a0000000,0x00000000ad9282a0,0x00000000b0f80000)
 Metaspace       used 154322K, capacity 167876K, committed 168344K, reserved 1196032K
  class space    used 19411K, capacity 21739K, committed 22184K, reserved 1048576K
Event: 8364.902 GC heap after
Heap after GC invocations=80 (full 5):
 PSYoungGen      total 403968K, used 365681K [0x00000000e0000000, 0x0000000100000000, 0x0000000100000000)
  eden space 294400K, 100% used [0x00000000e0000000,0x00000000f1f80000,0x00000000f1f80000)
  from space 109568K, 65% used [0x00000000f8e00000,0x00000000fd39c728,0x00000000ff900000)
  to   space 113152K, 15% used [0x00000000f1f80000,0x00000000f309d5b8,0x00000000f8e00000)
 ParOldGen       total 284672K, used 284268K [0x00000000a0000000, 0x00000000b1600000, 0x00000000e0000000)
  object space 284672K, 99% used [0x00000000a0000000,0x00000000b159b378,0x00000000b1600000)
 Metaspace       used 154322K, capacity 167876K, committed 168344K, reserved 1196032K
  class space    used 19411K, capacity 21739K, committed 22184K, reserved 1048576K
}
Event: 8364.902 GC heap before
{Heap before GC invocations=81 (full 6):
 PSYoungGen      total 403968K, used 365681K [0x00000000e0000000, 0x0000000100000000, 0x0000000100000000)
  eden space 294400K, 100% used [0x00000000e0000000,0x00000000f1f80000,0x00000000f1f80000)
  from space 109568K, 65% used [0x00000000f8e00000,0x00000000fd39c728,0x00000000ff900000)
  to   space 113152K, 15% used [0x00000000f1f80000,0x00000000f309d5b8,0x00000000f8e00000)
 ParOldGen       total 284672K, used 284268K [0x00000000a0000000, 0x00000000b1600000, 0x00000000e0000000)
  object space 284672K, 99% used [0x00000000a0000000,0x00000000b159b378,0x00000000b1600000)
 Metaspace       used 154322K, capacity 167876K, committed 168344K, reserved 1196032K
  class space    used 19411K, capacity 21739K, committed 22184K, reserved 1048576K

